<?xml version="1.0" encoding="UTF-8"?>
<!-- Generated by org.testng.reporters.JUnitXMLReporter -->
<testsuite ignored="3" hostname="DESKTOP-8L3GBEV" failures="0" tests="1" name="Default test" time="9.067" errors="0" timestamp="2022-12-20T14:38:40 IST">
  <testcase classname="testng.testNg3" name="verifygoogletitle" time="7.25"/>
  <testcase classname="testng.testNg3" name="redminetitle" time="0.0">
    <ignored/>
  </testcase> <!-- redminetitle -->
  <testcase classname="testng.testNg3" name="twitter" time="0.0">
    <ignored/>
  </testcase> <!-- twitter -->
  <testcase classname="testng.testNg3" name="facebooktext" time="0.0">
    <ignored/>
  </testcase> <!-- facebooktext -->
</testsuite> <!-- Default test -->
