<?xml version="1.0" encoding="UTF-8"?>
<testng-results ignored="3" total="4" passed="1" failed="0" skipped="0">
  <reporter-output>
  </reporter-output>
  <suite started-at="2022-12-20T14:38:31 IST" name="Default suite" finished-at="2022-12-20T14:38:40 IST" duration-ms="9067">
    <groups>
    </groups>
    <test started-at="2022-12-20T14:38:31 IST" name="Default test" finished-at="2022-12-20T14:38:40 IST" duration-ms="9067">
      <class name="testng.testNg3">
        <test-method is-config="true" signature="beforeTest()[pri:0, instance:testng.testNg3@1b11171f]" started-at="2022-12-20T14:38:31 IST" name="beforeTest" finished-at="2022-12-20T14:38:33 IST" duration-ms="1787" status="PASS">
          <reporter-output>
          </reporter-output>
        </test-method> <!-- beforeTest -->
        <test-method signature="verifygoogletitle()[pri:0, instance:testng.testNg3@1b11171f]" started-at="2022-12-20T14:38:33 IST" name="verifygoogletitle" finished-at="2022-12-20T14:38:40 IST" duration-ms="7250" status="PASS">
          <reporter-output>
          </reporter-output>
        </test-method> <!-- verifygoogletitle -->
        <test-method is-config="true" signature="afterTest()[pri:0, instance:testng.testNg3@1b11171f]" started-at="2022-12-20T14:38:40 IST" name="afterTest" finished-at="2022-12-20T14:38:40 IST" duration-ms="0" status="PASS">
          <reporter-output>
          </reporter-output>
        </test-method> <!-- afterTest -->
      </class> <!-- testng.testNg3 -->
    </test> <!-- Default test -->
  </suite> <!-- Default suite -->
</testng-results>
